Base path: /Applications/Unity/Unity.app/Contents
Cmd: initializeCompiler
Cmd: translateComputeKernel
  api=14 insize=2129 outsize=3885 ok=1
Cmd: compileComputeKernel
  api=14 insize=2780 outsize=48933 ok=1
Cmd: translateComputeKernel
  api=14 insize=48933 outsize=86117 ok=1
Cmd: compileComputeKernel
  api=14 insize=10881 outsize=11453 ok=1
Cmd: translateComputeKernel
  api=14 insize=11453 outsize=22669 ok=1
Cmd: compileComputeKernel
  api=14 insize=4845 outsize=5141 ok=1
Cmd: translateComputeKernel
  api=14 insize=5397 outsize=7573 ok=1
Cmd: compileComputeKernel
  api=14 insize=3396 outsize=3265 ok=1
Cmd: compileComputeKernel
  api=14 insize=18299 outsize=9721 ok=1
Cmd: compileComputeKernel
  api=14 insize=18299 outsize=11321 ok=1
Cmd: translateComputeKernel
  api=14 insize=9533 outsize=16349 ok=1
Cmd: translateComputeKernel
  api=14 insize=9405 outsize=16205 ok=1
Cmd: translateComputeKernel
  api=14 insize=11321 outsize=24609 ok=1
Cmd: translateComputeKernel
  api=14 insize=11489 outsize=24921 ok=1
Cmd: compileComputeKernel
  api=14 insize=2867 outsize=793 ok=1
Cmd: translateComputeKernel
  api=14 insize=2001 outsize=3541 ok=1
Cmd: translateComputeKernel
  api=14 insize=2077 outsize=3273 ok=1
Cmd: translateComputeKernel
  api=14 insize=1505 outsize=2277 ok=1
Cmd: initializeCompiler
Cmd: initializeCompiler
Cmd: initializeCompiler
Cmd: compileComputeKernel
  api=14 insize=14379 outsize=102313 ok=1
Cmd: compileComputeKernel
  api=14 insize=14379 outsize=45181 ok=1
Cmd: compileComputeKernel
  api=14 insize=14379 outsize=70565 ok=1
Cmd: compileComputeKernel
  api=14 insize=14379 outsize=54117 ok=1
Cmd: compileComputeKernel
  api=14 insize=14379 outsize=73433 ok=1
Cmd: compileComputeKernel
  api=14 insize=14379 outsize=53969 ok=1
Cmd: compileComputeKernel
  api=14 insize=14379 outsize=102629 ok=1
Cmd: compileComputeKernel
  api=14 insize=14379 outsize=60997 ok=1
Cmd: compileComputeKernel
  api=14 insize=14379 outsize=44149 ok=1
Cmd: compileComputeKernel
  api=14 insize=14379 outsize=49125 ok=1
Cmd: compileComputeKernel
  api=14 insize=14379 outsize=44781 ok=1
Cmd: compileComputeKernel
  api=14 insize=14379 outsize=82465 ok=1
Cmd: translateComputeKernel
  api=14 insize=102793 outsize=228733 ok=1
Cmd: translateComputeKernel
  api=14 insize=52365 outsize=102009 ok=1
Cmd: translateComputeKernel
  api=14 insize=71281 outsize=149381 ok=1
Cmd: translateComputeKernel
  api=14 insize=59641 outsize=124757 ok=1
Cmd: translateComputeKernel
  api=14 insize=48313 outsize=92641 ok=1
Cmd: translateComputeKernel
  api=14 insize=60465 outsize=120573 ok=1
Cmd: translateComputeKernel
  api=14 insize=48385 outsize=92373 ok=1
Cmd: translateComputeKernel
  api=14 insize=55557 outsize=109693 ok=1
Cmd: translateComputeKernel
  api=14 insize=32133 outsize=51105 ok=1
Cmd: translateComputeKernel
  api=14 insize=47661 outsize=92329 ok=1
Cmd: translateComputeKernel
  api=14 insize=53869 outsize=105941 ok=1
Cmd: translateComputeKernel
  api=14 insize=54225 outsize=112393 ok=1
Cmd: translateComputeKernel
  api=14 insize=44669 outsize=84777 ok=1
Cmd: translateComputeKernel
  api=14 insize=50517 outsize=97853 ok=1
Cmd: translateComputeKernel
  api=14 insize=56477 outsize=110889 ok=1
Cmd: translateComputeKernel
  api=14 insize=57701 outsize=115149 ok=1
Cmd: translateComputeKernel
  api=14 insize=61981 outsize=124385 ok=1
Cmd: translateComputeKernel
  api=14 insize=56309 outsize=110457 ok=1
Cmd: translateComputeKernel
  api=14 insize=104865 outsize=244197 ok=1
Cmd: compileComputeKernel
  api=14 insize=26814 outsize=17433 ok=1
Cmd: compileComputeKernel
  api=14 insize=26814 outsize=17617 ok=1
Cmd: compileComputeKernel
  api=14 insize=26814 outsize=749 ok=1
Cmd: translateComputeKernel
  api=14 insize=17661 outsize=34269 ok=1
Cmd: translateComputeKernel
  api=14 insize=18289 outsize=35381 ok=1
Cmd: translateComputeKernel
  api=14 insize=18293 outsize=35417 ok=1
Cmd: translateComputeKernel
  api=14 insize=7005 outsize=13541 ok=1
Cmd: compileComputeKernel
  api=14 insize=11900 outsize=12037 ok=1
Cmd: translateComputeKernel
  api=14 insize=12037 outsize=24497 ok=1
Cmd: compileComputeKernel
  api=14 insize=19063 outsize=16557 ok=1
Cmd: compileComputeKernel
  api=14 insize=19063 outsize=17065 ok=1
Cmd: translateComputeKernel
  api=14 insize=17045 outsize=34753 ok=1
Cmd: translateComputeKernel
  api=14 insize=17109 outsize=34757 ok=1
Cmd: compileComputeKernel
  api=14 insize=21751 outsize=22213 ok=1
Cmd: translateComputeKernel
  api=14 insize=22213 outsize=50645 ok=1
Cmd: compileComputeKernel
  api=14 insize=692 outsize=1093 ok=1
Cmd: translateComputeKernel
  api=14 insize=1093 outsize=1081 ok=1
Cmd: compileComputeKernel
  api=14 insize=20454 outsize=34873 ok=1
Cmd: translateComputeKernel
  api=14 insize=102597 outsize=625249 ok=1
Cmd: compileComputeKernel
  api=14 insize=34758 outsize=47649 ok=1
Cmd: compileComputeKernel
  api=14 insize=34758 outsize=49153 ok=1
Cmd: compileComputeKernel
  api=14 insize=34758 outsize=47649 ok=1
Cmd: compileComputeKernel
  api=14 insize=34758 outsize=49153 ok=1
Cmd: translateComputeKernel
  api=14 insize=44249 outsize=88685 ok=1
Cmd: translateComputeKernel
  api=14 insize=46289 outsize=93145 ok=1
Cmd: translateComputeKernel
  api=14 insize=45165 outsize=90353 ok=1
Cmd: translateComputeKernel
  api=14 insize=46289 outsize=93145 ok=1
Cmd: translateComputeKernel
  api=14 insize=3417 outsize=6401 ok=1
Cmd: compileComputeKernel
  api=14 insize=16360 outsize=16841 ok=1
Cmd: translateComputeKernel
  api=14 insize=15981 outsize=17417 ok=1
Cmd: compileComputeKernel
  api=14 insize=13916 outsize=10573 ok=1
Cmd: compileComputeKernel
  api=14 insize=16866 outsize=5777 ok=1
Cmd: compileComputeKernel
  api=14 insize=16866 outsize=7169 ok=1
Cmd: compileComputeKernel
  api=14 insize=16866 outsize=6377 ok=1
Cmd: compileComputeKernel
  api=14 insize=16866 outsize=7769 ok=1
Cmd: compileComputeKernel
  api=14 insize=16866 outsize=7793 ok=1
Cmd: compileComputeKernel
  api=14 insize=16866 outsize=9761 ok=1
Cmd: compileComputeKernel
  api=14 insize=16866 outsize=8349 ok=1
Cmd: compileComputeKernel
  api=14 insize=16866 outsize=9789 ok=1
Cmd: compileComputeKernel
  api=14 insize=16866 outsize=6845 ok=1
Cmd: compileComputeKernel
  api=14 insize=16866 outsize=7541 ok=1
Cmd: compileComputeKernel
  api=14 insize=16866 outsize=8621 ok=1
Cmd: compileComputeKernel
  api=14 insize=16866 outsize=7829 ok=1
Cmd: compileComputeKernel
  api=14 insize=16866 outsize=8837 ok=1
Cmd: compileComputeKernel
  api=14 insize=16866 outsize=8737 ok=1
Cmd: compileComputeKernel
  api=14 insize=16866 outsize=10249 ok=1
Cmd: compileComputeKernel
  api=14 insize=16866 outsize=11909 ok=1
Cmd: compileComputeKernel
  api=14 insize=16866 outsize=11789 ok=1
Cmd: translateComputeKernel
  api=14 insize=5469 outsize=9609 ok=1
Cmd: translateComputeKernel
  api=14 insize=6861 outsize=12461 ok=1
Cmd: translateComputeKernel
  api=14 insize=7557 outsize=13865 ok=1
Cmd: translateComputeKernel
  api=14 insize=6033 outsize=10353 ok=1
Cmd: translateComputeKernel
  api=14 insize=7113 outsize=12565 ok=1
Cmd: translateComputeKernel
  api=14 insize=8121 outsize=14609 ok=1
Cmd: translateComputeKernel
  api=14 insize=7301 outsize=12881 ok=1
Cmd: translateComputeKernel
  api=14 insize=8285 outsize=14921 ok=1
Cmd: translateComputeKernel
  api=14 insize=9269 outsize=16937 ok=1
Cmd: translateComputeKernel
  api=14 insize=10253 outsize=18933 ok=1
Cmd: translateComputeKernel
  api=14 insize=7897 outsize=14625 ok=1
Cmd: translateComputeKernel
  api=14 insize=9409 outsize=17757 ok=1
Cmd: translateComputeKernel
  api=14 insize=11069 outsize=20901 ok=1
Cmd: translateComputeKernel
  api=14 insize=8697 outsize=16397 ok=1
Cmd: translateComputeKernel
  api=14 insize=7869 outsize=14345 ok=1
Cmd: translateComputeKernel
  api=14 insize=8877 outsize=16421 ok=1
Cmd: translateComputeKernel
  api=14 insize=9301 outsize=17289 ok=1
Cmd: translateComputeKernel
  api=14 insize=11945 outsize=22421 ok=1
Cmd: translateComputeKernel
  api=14 insize=9369 outsize=18101 ok=1
Cmd: translateComputeKernel
  api=14 insize=11337 outsize=22157 ok=1
Cmd: compileComputeKernel
  api=14 insize=3145 outsize=5113 ok=1
Cmd: translateComputeKernel
  api=14 insize=5113 outsize=9205 ok=1

Quitting shader compiler process
