Base path: /Applications/Unity/Unity.app/Contents
Cmd: initializeCompiler
Cmd: compileComputeKernel
  api=14 insize=1176 outsize=1357 ok=1
Cmd: translateComputeKernel
  api=14 insize=1469 outsize=1585 ok=1
Cmd: translateComputeKernel
  api=14 insize=48553 outsize=85569 ok=1
Cmd: compileComputeKernel
  api=14 insize=10881 outsize=11297 ok=1
Cmd: translateComputeKernel
  api=14 insize=10553 outsize=18421 ok=1
Cmd: compileComputeKernel
  api=14 insize=4845 outsize=5509 ok=1
Cmd: translateComputeKernel
  api=14 insize=11209 outsize=18525 ok=1
Cmd: translateComputeKernel
  api=14 insize=3265 outsize=5361 ok=1
Cmd: compileComputeKernel
  api=14 insize=18299 outsize=9637 ok=1
Cmd: compileComputeKernel
  api=14 insize=18299 outsize=11321 ok=1
Cmd: translateComputeKernel
  api=14 insize=9721 outsize=16621 ok=1
Cmd: translateComputeKernel
  api=14 insize=9953 outsize=16877 ok=1
Cmd: translateComputeKernel
  api=14 insize=11321 outsize=24633 ok=1
Cmd: compileComputeKernel
  api=14 insize=1806 outsize=1145 ok=1
Cmd: compileComputeKernel
  api=14 insize=1454 outsize=1193 ok=1
Cmd: compileComputeKernel
  api=14 insize=2044 outsize=1509 ok=1
Cmd: initializeCompiler
Cmd: initializeCompiler
Cmd: initializeCompiler
Cmd: compileComputeKernel
  api=14 insize=14379 outsize=100377 ok=1
Cmd: compileComputeKernel
  api=14 insize=14379 outsize=31145 ok=1
Cmd: compileComputeKernel
  api=14 insize=14379 outsize=51529 ok=1
Cmd: compileComputeKernel
  api=14 insize=14379 outsize=59685 ok=1
Cmd: compileComputeKernel
  api=14 insize=14379 outsize=48001 ok=1
Cmd: compileComputeKernel
  api=14 insize=14379 outsize=55293 ok=1
Cmd: compileComputeKernel
  api=14 insize=14379 outsize=59629 ok=1
Cmd: compileComputeKernel
  api=14 insize=14379 outsize=47549 ok=1
Cmd: compileComputeKernel
  api=14 insize=14379 outsize=54841 ok=1
Cmd: compileComputeKernel
  api=14 insize=14379 outsize=31157 ok=1
Cmd: compileComputeKernel
  api=14 insize=14379 outsize=53033 ok=1
Cmd: compileComputeKernel
  api=14 insize=14379 outsize=72213 ok=1
Cmd: compileComputeKernel
  api=14 insize=14379 outsize=55641 ok=1
Cmd: compileComputeKernel
  api=14 insize=14379 outsize=75129 ok=1
Cmd: compileComputeKernel
  api=14 insize=14379 outsize=55473 ok=1
Cmd: compileComputeKernel
  api=14 insize=14379 outsize=104457 ok=1
Cmd: translateComputeKernel
  api=14 insize=100857 outsize=223441 ok=1
Cmd: translateComputeKernel
  api=14 insize=32121 outsize=51093 ok=1
Cmd: translateComputeKernel
  api=14 insize=46017 outsize=87581 ok=1
Cmd: translateComputeKernel
  api=14 insize=40889 outsize=74669 ok=1
Cmd: translateComputeKernel
  api=14 insize=53173 outsize=104957 ok=1
Cmd: translateComputeKernel
  api=14 insize=52473 outsize=107385 ok=1
Cmd: translateComputeKernel
  api=14 insize=48837 outsize=93069 ok=1
Cmd: translateComputeKernel
  api=14 insize=43385 outsize=79405 ok=1
Cmd: translateComputeKernel
  api=14 insize=56009 outsize=110473 ok=1
Cmd: translateComputeKernel
  api=14 insize=44093 outsize=81957 ok=1
Cmd: translateComputeKernel
  api=14 insize=57073 outsize=113513 ok=1
Cmd: translateComputeKernel
  api=14 insize=43197 outsize=79241 ok=1
Cmd: translateComputeKernel
  api=14 insize=73737 outsize=153701 ok=1
Cmd: translateComputeKernel
  api=14 insize=54785 outsize=109513 ok=1
Cmd: translateComputeKernel
  api=14 insize=61825 outsize=124813 ok=1
Cmd: translateComputeKernel
  api=14 insize=61405 outsize=130081 ok=1
Cmd: translateComputeKernel
  api=14 insize=44905 outsize=83585 ok=1
Cmd: translateComputeKernel
  api=14 insize=75845 outsize=159393 ok=1
Cmd: translateComputeKernel
  api=14 insize=50045 outsize=97117 ok=1
Cmd: translateComputeKernel
  api=14 insize=57181 outsize=114281 ok=1
Cmd: compileComputeKernel
  api=14 insize=26814 outsize=17661 ok=1
Cmd: compileComputeKernel
  api=14 insize=26814 outsize=17865 ok=1
Cmd: translateComputeKernel
  api=14 insize=15813 outsize=30945 ok=1
Cmd: translateComputeKernel
  api=14 insize=18109 outsize=34973 ok=1
Cmd: translateComputeKernel
  api=14 insize=17661 outsize=34353 ok=1
Cmd: translateComputeKernel
  api=14 insize=1321 outsize=693 ok=1
Cmd: compileComputeKernel
  api=14 insize=2711 outsize=8969 ok=1
Cmd: compileComputeKernel
  api=14 insize=7431 outsize=13169 ok=1
Cmd: translateComputeKernel
  api=14 insize=13169 outsize=10777 ok=1
Cmd: compileComputeKernel
  api=14 insize=6353 outsize=1889 ok=1
Cmd: translateComputeKernel
  api=14 insize=1889 outsize=2361 ok=1
Cmd: compileComputeKernel
  api=14 insize=1567 outsize=1497 ok=1
Cmd: translateComputeKernel
  api=14 insize=1497 outsize=1785 ok=1
Cmd: compileComputeKernel
  api=14 insize=19063 outsize=17045 ok=1
Cmd: compileComputeKernel
  api=14 insize=19063 outsize=17205 ok=1
Cmd: translateComputeKernel
  api=14 insize=16461 outsize=33529 ok=1
Cmd: translateComputeKernel
  api=14 insize=17693 outsize=35985 ok=1
Cmd: compileComputeKernel
  api=14 insize=1580 outsize=7445 ok=1
Cmd: compileComputeKernel
  api=14 insize=20454 outsize=102601 ok=1
Cmd: translateComputeKernel
  api=14 insize=34869 outsize=60745 ok=1
Cmd: compileComputeKernel
  api=14 insize=34758 outsize=43689 ok=1
Cmd: compileComputeKernel
  api=14 insize=34758 outsize=45861 ok=1
Cmd: compileComputeKernel
  api=14 insize=34758 outsize=44645 ok=1
Cmd: compileComputeKernel
  api=14 insize=34758 outsize=45861 ok=1
Cmd: translateComputeKernel
  api=14 insize=45165 outsize=90353 ok=1
Cmd: translateComputeKernel
  api=14 insize=45425 outsize=91709 ok=1
Cmd: translateComputeKernel
  api=14 insize=44249 outsize=88685 ok=1
Cmd: translateComputeKernel
  api=14 insize=45425 outsize=91709 ok=1
Cmd: compileComputeKernel
  api=14 insize=8350 outsize=3417 ok=1
Cmd: compileComputeKernel
  api=14 insize=16360 outsize=15893 ok=1
Cmd: translateComputeKernel
  api=14 insize=16893 outsize=19861 ok=1
Cmd: compileComputeKernel
  api=14 insize=3506 outsize=8997 ok=1
Cmd: translateComputeKernel
  api=14 insize=8801 outsize=2593 ok=1
Cmd: compileComputeKernel
  api=14 insize=16866 outsize=6473 ok=1
Cmd: compileComputeKernel
  api=14 insize=16866 outsize=7481 ok=1
Cmd: compileComputeKernel
  api=14 insize=16866 outsize=7073 ok=1
Cmd: compileComputeKernel
  api=14 insize=16866 outsize=8157 ok=1
Cmd: compileComputeKernel
  api=14 insize=16866 outsize=9233 ok=1
Cmd: compileComputeKernel
  api=14 insize=16866 outsize=7821 ok=1
Cmd: compileComputeKernel
  api=14 insize=16866 outsize=8805 ok=1
Cmd: compileComputeKernel
  api=14 insize=16866 outsize=10773 ok=1
Cmd: compileComputeKernel
  api=14 insize=16866 outsize=7925 ok=1
Cmd: compileComputeKernel
  api=14 insize=16866 outsize=9009 ok=1
Cmd: compileComputeKernel
  api=14 insize=16866 outsize=9221 ok=1
Cmd: compileComputeKernel
  api=14 insize=16866 outsize=9265 ok=1
Cmd: compileComputeKernel
  api=14 insize=16866 outsize=11233 ok=1
Cmd: compileComputeKernel
  api=14 insize=16866 outsize=9821 ok=1
Cmd: compileComputeKernel
  api=14 insize=16866 outsize=11261 ok=1
Cmd: translateComputeKernel
  api=14 insize=6549 outsize=11821 ok=1
Cmd: translateComputeKernel
  api=14 insize=7245 outsize=13221 ok=1
Cmd: translateComputeKernel
  api=14 insize=7633 outsize=13973 ok=1
Cmd: translateComputeKernel
  api=14 insize=6729 outsize=11769 ok=1
Cmd: translateComputeKernel
  api=14 insize=7809 outsize=13965 ok=1
Cmd: translateComputeKernel
  api=14 insize=8197 outsize=14685 ok=1
Cmd: translateComputeKernel
  api=14 insize=7829 outsize=13905 ok=1
Cmd: translateComputeKernel
  api=14 insize=8813 outsize=15925 ok=1
Cmd: translateComputeKernel
  api=14 insize=9797 outsize=17921 ok=1
Cmd: translateComputeKernel
  api=14 insize=10473 outsize=19253 ok=1
Cmd: translateComputeKernel
  api=14 insize=8881 outsize=16673 ok=1
Cmd: translateComputeKernel
  api=14 insize=10849 outsize=20689 ok=1
Cmd: translateComputeKernel
  api=14 insize=8313 outsize=15629 ok=1
Cmd: translateComputeKernel
  api=14 insize=7485 outsize=13545 ok=1
Cmd: translateComputeKernel
  api=14 insize=8565 outsize=15781 ok=1
Cmd: translateComputeKernel
  api=14 insize=9573 outsize=17821 ok=1
Cmd: translateComputeKernel
  api=14 insize=10285 outsize=19305 ok=1
Cmd: translateComputeKernel
  api=14 insize=9897 outsize=19217 ok=1
Cmd: translateComputeKernel
  api=14 insize=11865 outsize=23233 ok=1
Cmd: compileComputeKernel
  api=14 insize=3145 outsize=5045 ok=1
Cmd: translateComputeKernel
  api=14 insize=873 outsize=1513 ok=1

Quitting shader compiler process
